<?xml version="1.0" encoding="UTF-8"?>
<robot generator="Robot 6.1.1 (Python 3.12.1 on win32)" generated="20240103 14:26:40.333" rpa="false" schemaversion="4">
<suite id="s1" name="Promo Codes" source="C:\Users\luksa\PycharmProjects\fakestore.testelka.pl_tests\test_robot_app\promo_codes.robot">
<test id="s1-t1" name="Valid Unlimited Promo Codes" line="9">
<kw name="Open Browser To Shop Page" library="resource">
<kw name="Open Browser" library="SeleniumLibrary">
<arg>${SHOP_URL}</arg>
<arg>${BROWSER}</arg>
<doc>Opens a new browser instance to the optional ``url``.</doc>
<msg timestamp="20240103 14:26:40.615" level="INFO">Opening browser 'chrome' to base url 'https://fakestore.testelka.pl/shop/'.</msg>
<status status="PASS" starttime="20240103 14:26:40.615" endtime="20240103 14:26:45.245"/>
</kw>
<kw name="Maximize Browser Window" library="SeleniumLibrary">
<doc>Maximizes current browser window.</doc>
<status status="PASS" starttime="20240103 14:26:45.245" endtime="20240103 14:26:45.365"/>
</kw>
<kw name="Set Selenium Speed" library="SeleniumLibrary">
<arg>${DELAY}</arg>
<doc>Sets the delay that is waited after each Selenium command.</doc>
<status status="PASS" starttime="20240103 14:26:45.366" endtime="20240103 14:26:45.366"/>
</kw>
<kw name="Hide Dismiss Link Notice" library="resource">
<kw name="Click Element" library="SeleniumLibrary">
<arg>xpath:/html/body/p/a</arg>
<doc>Click the element identified by ``locator``.</doc>
<msg timestamp="20240103 14:26:45.366" level="INFO">Clicking element 'xpath:/html/body/p/a'.</msg>
<status status="PASS" starttime="20240103 14:26:45.366" endtime="20240103 14:26:45.417"/>
</kw>
<status status="PASS" starttime="20240103 14:26:45.366" endtime="20240103 14:26:45.417"/>
</kw>
<kw name="Shop Page Should Be Open" library="resource">
<kw name="Title Should Be" library="SeleniumLibrary">
<arg>Sklep – FakeStore</arg>
<doc>Verifies that the current page title equals ``title``.</doc>
<msg timestamp="20240103 14:26:45.422" level="INFO">Page title is 'Sklep – FakeStore'.</msg>
<status status="PASS" starttime="20240103 14:26:45.417" endtime="20240103 14:26:45.422"/>
</kw>
<status status="PASS" starttime="20240103 14:26:45.417" endtime="20240103 14:26:45.422"/>
</kw>
<status status="PASS" starttime="20240103 14:26:40.614" endtime="20240103 14:26:45.422"/>
</kw>
<kw name="Select Product Category" library="resource">
<kw name="Click Element" library="SeleniumLibrary">
<arg>xpath://*[@id="main"]/ul/li[1]/a/h2</arg>
<doc>Click the element identified by ``locator``.</doc>
<msg timestamp="20240103 14:26:45.423" level="INFO">Clicking element 'xpath://*[@id="main"]/ul/li[1]/a/h2'.</msg>
<status status="PASS" starttime="20240103 14:26:45.423" endtime="20240103 14:26:46.717"/>
</kw>
<status status="PASS" starttime="20240103 14:26:45.423" endtime="20240103 14:26:46.717"/>
</kw>
<kw name="Add Product To The Shopping Cart" library="resource">
<kw name="Click Element" library="SeleniumLibrary">
<arg>xpath://*[@id="main"]/ul/li[1]/a[2]</arg>
<doc>Click the element identified by ``locator``.</doc>
<msg timestamp="20240103 14:26:46.718" level="INFO">Clicking element 'xpath://*[@id="main"]/ul/li[1]/a[2]'.</msg>
<status status="PASS" starttime="20240103 14:26:46.717" endtime="20240103 14:26:46.758"/>
</kw>
<status status="PASS" starttime="20240103 14:26:46.717" endtime="20240103 14:26:46.758"/>
</kw>
<kw name="Check Product Exist In The Shopping Cart" library="resource">
<kw name="Wait Until Element Is Visible" library="SeleniumLibrary">
<arg>xpath://*[@id="main"]/ul/li[1]/a[3]</arg>
<doc>Waits until the element ``locator`` is visible.</doc>
<status status="PASS" starttime="20240103 14:26:46.759" endtime="20240103 14:26:47.830"/>
</kw>
<kw name="Click Element" library="SeleniumLibrary">
<arg>xpath://*[@id="main"]/ul/li[1]/a[3]</arg>
<doc>Click the element identified by ``locator``.</doc>
<msg timestamp="20240103 14:26:47.831" level="INFO">Clicking element 'xpath://*[@id="main"]/ul/li[1]/a[3]'.</msg>
<status status="PASS" starttime="20240103 14:26:47.830" endtime="20240103 14:26:50.251"/>
</kw>
<kw name="Page Should Contain" library="SeleniumLibrary">
<arg>Egipt - El Gouna</arg>
<doc>Verifies that current page contains ``text``.</doc>
<msg timestamp="20240103 14:26:50.264" level="INFO">Current page contains text 'Egipt - El Gouna'.</msg>
<status status="PASS" starttime="20240103 14:26:50.251" endtime="20240103 14:26:50.264"/>
</kw>
<status status="PASS" starttime="20240103 14:26:46.758" endtime="20240103 14:26:50.265"/>
</kw>
<kw name="Input Unlimited Promo Codes" library="resource">
<kw name="Input Text" library="SeleniumLibrary">
<arg>id:coupon_code</arg>
<arg>${PC_250}</arg>
<doc>Types the given ``text`` into the text field identified by ``locator``.</doc>
<msg timestamp="20240103 14:26:50.265" level="INFO">Typing text 'kwotowy250' into text field 'id:coupon_code'.</msg>
<status status="PASS" starttime="20240103 14:26:50.265" endtime="20240103 14:26:50.352"/>
</kw>
<kw name="Apply Voucher" library="resource">
<kw name="Click Element" library="SeleniumLibrary">
<arg>class:button</arg>
<doc>Click the element identified by ``locator``.</doc>
<msg timestamp="20240103 14:26:50.353" level="INFO">Clicking element 'class:button'.</msg>
<status status="PASS" starttime="20240103 14:26:50.353" endtime="20240103 14:26:50.410"/>
</kw>
<status status="PASS" starttime="20240103 14:26:50.352" endtime="20240103 14:26:50.410"/>
</kw>
<kw name="Sleep" library="BuiltIn">
<arg>2</arg>
<doc>Pauses the test executed for the given time.</doc>
<msg timestamp="20240103 14:26:52.410" level="INFO">Slept 2 seconds</msg>
<status status="PASS" starttime="20240103 14:26:50.410" endtime="20240103 14:26:52.410"/>
</kw>
<kw name="Input Text" library="SeleniumLibrary">
<arg>id:coupon_code</arg>
<arg>${PC_10%}</arg>
<doc>Types the given ``text`` into the text field identified by ``locator``.</doc>
<msg timestamp="20240103 14:26:52.411" level="INFO">Typing text '10procent' into text field 'id:coupon_code'.</msg>
<status status="PASS" starttime="20240103 14:26:52.410" endtime="20240103 14:26:52.488"/>
</kw>
<kw name="Apply Voucher" library="resource">
<kw name="Click Element" library="SeleniumLibrary">
<arg>class:button</arg>
<doc>Click the element identified by ``locator``.</doc>
<msg timestamp="20240103 14:26:52.488" level="INFO">Clicking element 'class:button'.</msg>
<msg timestamp="20240103 14:26:52.714" level="INFO" html="true">&lt;/td&gt;&lt;/tr&gt;&lt;tr&gt;&lt;td colspan="3"&gt;&lt;a href="selenium-screenshot-84.png"&gt;&lt;img src="selenium-screenshot-84.png" width="800px"&gt;&lt;/a&gt;</msg>
<msg timestamp="20240103 14:26:52.714" level="FAIL">StaleElementReferenceException: Message: stale element reference: stale element not found
  (Session info: chrome=120.0.6099.130); For documentation on this error, please visit: https://www.selenium.dev/documentation/webdriver/troubleshooting/errors#stale-element-reference-exception
Stacktrace:
	GetHandleVerifier [0x00007FF7808C2142+3514994]
	(No symbol) [0x00007FF7804E0CE2]
	(No symbol) [0x00007FF7803876AA]
	(No symbol) [0x00007FF78038CFC0]
	(No symbol) [0x00007FF78038F38F]
	(No symbol) [0x00007FF78038F480]
	(No symbol) [0x00007FF7803D87E5]
	(No symbol) [0x00007FF7803D68ED]
	(No symbol) [0x00007FF7803D40EC]
	(No symbol) [0x00007FF7803D2EA5]
	(No symbol) [0x00007FF7803C6A0F]
	(No symbol) [0x00007FF7803F5FEA]
	(No symbol) [0x00007FF7803C63B6]
	(No symbol) [0x00007FF7803F6490]
	(No symbol) [0x00007FF7804128F6]
	(No symbol) [0x00007FF7803F5D93]
	(No symbol) [0x00007FF7803C4BDC]
	(No symbol) [0x00007FF7803C5C64]
	GetHandleVerifier [0x00007FF7808EE16B+3695259]
	GetHandleVerifier [0x00007FF780946737+4057191]
	GetHandleVerifier [0x00007FF78093E4E3+4023827]
	GetHandleVerifier [0x00007FF7806104F9+689705]
	(No symbol) [0x00007FF7804EC048]
	(No symbol) [0x00007FF7804E8044]
	(No symbol) [0x00007FF7804E81C9]
	(No symbol) [0x00007FF7804D88C4]
	BaseThreadInitThunk [0x00007FFDFC3A7344+20]
	RtlUserThreadStart [0x00007FFDFC8226B1+33]
</msg>
<status status="FAIL" starttime="20240103 14:26:52.488" endtime="20240103 14:26:52.718"/>
</kw>
<status status="FAIL" starttime="20240103 14:26:52.488" endtime="20240103 14:26:52.718"/>
</kw>
<status status="FAIL" starttime="20240103 14:26:50.265" endtime="20240103 14:26:52.718"/>
</kw>
<kw name="Sleep" library="BuiltIn">
<arg>2</arg>
<doc>Pauses the test executed for the given time.</doc>
<status status="NOT RUN" starttime="20240103 14:26:52.719" endtime="20240103 14:26:52.719"/>
</kw>
<kw name="Sum Payable Should Be Valid" library="resource">
<status status="NOT RUN" starttime="20240103 14:26:52.719" endtime="20240103 14:26:52.719"/>
</kw>
<kw name="Close Browser" library="SeleniumLibrary" type="TEARDOWN">
<doc>Closes the current browser.</doc>
<status status="PASS" starttime="20240103 14:26:52.719" endtime="20240103 14:26:54.912"/>
</kw>
<status status="FAIL" starttime="20240103 14:26:40.614" endtime="20240103 14:26:54.912">StaleElementReferenceException: Message: stale element reference: stale element not found
  (Session info: chrome=120.0.6099.130); For documentation on this error, please visit: https://www.selenium.dev/documentation/webdriver/troubleshooting/errors#stale-element-reference-exception
Stacktrace:
	GetHandleVerifier [0x00007FF7808C2142+3514994]
	(No symbol) [0x00007FF7804E0CE2]
	(No symbol) [0x00007FF7803876AA]
	(No symbol) [0x00007FF78038CFC0]
	(No symbol) [0x00007FF78038F38F]
	(No symbol) [0x00007FF78038F480]
	(No symbol) [0x00007FF7803D87E5]
	(No symbol) [0x00007FF7803D68ED]
	(No symbol) [0x00007FF7803D40EC]
	(No symbol) [0x00007FF7803D2EA5]
	(No symbol) [0x00007FF7803C6A0F]
	(No symbol) [0x00007FF7803F5FEA]
	(No symbol) [0x00007FF7803C63B6]
	(No symbol) [0x00007FF7803F6490]
	(No symbol) [0x00007FF7804128F6]
	(No symbol) [0x00007FF7803F5D93]
	(No symbol) [0x00007FF7803C4BDC]
	(No symbol) [0x00007FF7803C5C64]
	GetHandleVerifier [0x00007FF7808EE16B+3695259]
	GetHandleVerifier [0x00007FF780946737+4057191]
	GetHandleVerifier [0x00007FF78093E4E3+4023827]
	GetHandleVerifier [0x00007FF7806104F9+689705]
	(No symbol) [0x00007FF7804EC048]
	(No symbol) [0x00007FF7804E8044]
	(No symbol) [0x00007FF7804E81C9]
	(No symbol) [0x00007FF7804D88C4]
	BaseThreadInitThunk [0x00007FFDFC3A7344+20]
	RtlUserThreadStart [0x00007FFDFC8226B1+33]
</status>
</test>
<doc>****A test suite with tests for valid promo codes.

This test has a workflow that is created using keywords in
the imported resource file.</doc>
<status status="FAIL" starttime="20240103 14:26:40.335" endtime="20240103 14:26:54.914"/>
</suite>
<statistics>
<total>
<stat pass="0" fail="1" skip="0">All Tests</stat>
</total>
<tag>
</tag>
<suite>
<stat pass="0" fail="1" skip="0" id="s1" name="Promo Codes">Promo Codes</stat>
</suite>
</statistics>
<errors>
</errors>
</robot>
